<?xml version="1.0" encoding="UTF-8"?>
<!-- Generated by org.testng.reporters.JUnitXMLReporter -->
<testsuite ignored="19" hostname="DESKTOP-LI9TG70" failures="0" tests="1" name="Salesforce" time="12.456" errors="0" timestamp="2022-09-28T23:40:50 EDT">
  <testcase classname="com.salesforce.automationScripts.TestScripts" name="@BeforeMethod beforeMethod14" time="-1.664422850198E9">
    <failure type="org.testng.TestNGException" message="
Can inject only one of &amp;lt;ITestContext, XmlTest, Method, Object[], ITestResult&amp;gt; into a @BeforeMethod annotated beforeMethod14.
For more information on native dependency injection please refer to https://testng.org/doc/documentation-main.html#native-dependency-injection">
      <![CDATA[org.testng.TestNGException: 
Can inject only one of <ITestContext, XmlTest, Method, Object[], ITestResult> into a @BeforeMethod annotated beforeMethod14.
For more information on native dependency injection please refer to https://testng.org/doc/documentation-main.html#native-dependency-injection
at java.base/java.util.ArrayList.forEach(ArrayList.java:1511)
... Removed 28 stack frames]]>
    </failure>
  </testcase> <!-- @BeforeMethod beforeMethod14 -->
  <testcase classname="com.salesforce.automationScripts.TestScripts" name="@AfterMethod afterMethod14" time="0.0">
    <skipped/>
  </testcase> <!-- @AfterMethod afterMethod14 -->
  <testcase classname="com.salesforce.base.BaseAutomation" name="@AfterMethod afterMethod" time="0.0">
    <skipped/>
  </testcase> <!-- @AfterMethod afterMethod -->
  <testcase classname="com.salesforce.base.BaseAutomation" name="@AfterTest afterTest" time="0.0">
    <skipped/>
  </testcase> <!-- @AfterTest afterTest -->
  <testcase classname="com.salesforce.automationScripts.TestScripts" name="emptyPasswordTC1" time="0.0">
    <skipped/>
  </testcase> <!-- emptyPasswordTC1 -->
  <testcase classname="com.salesforce.automationScripts.TestScripts" name="editViewTC12" time="0.0">
    <ignored/>
  </testcase> <!-- editViewTC12 -->
  <testcase classname="com.salesforce.automationScripts.TestScripts" name="createViewTC11" time="0.0">
    <ignored/>
  </testcase> <!-- createViewTC11 -->
  <testcase classname="com.salesforce.automationScripts.TestScripts" name="testOpportunityPipeLineReportTC17" time="0.0">
    <ignored/>
  </testcase> <!-- testOpportunityPipeLineReportTC17 -->
  <testcase classname="com.salesforce.automationScripts.TestScripts" name="newLeadTC24" time="0.0">
    <ignored/>
  </testcase> <!-- newLeadTC24 -->
  <testcase classname="com.salesforce.automationScripts.TestScripts" name="testQuarterlySummaryReportTC19" time="0.0">
    <ignored/>
  </testcase> <!-- testQuarterlySummaryReportTC19 -->
  <testcase classname="com.salesforce.automationScripts.TestScripts" name="opporDropDownTC15" time="0.0">
    <ignored/>
  </testcase> <!-- opporDropDownTC15 -->
  <testcase classname="com.salesforce.automationScripts.TestScripts" name="selectMyProfileTC6" time="0.0">
    <ignored/>
  </testcase> <!-- selectMyProfileTC6 -->
  <testcase classname="com.salesforce.automationScripts.TestScripts" name="createOpportunityTC16" time="0.0">
    <ignored/>
  </testcase> <!-- createOpportunityTC16 -->
  <testcase classname="com.salesforce.automationScripts.TestScripts" name="leadDropDownTC23" time="0.0">
    <ignored/>
  </testcase> <!-- leadDropDownTC23 -->
  <testcase classname="com.salesforce.automationScripts.TestScripts" name="stuckOpportunityTC18" time="0.0">
    <ignored/>
  </testcase> <!-- stuckOpportunityTC18 -->
  <testcase classname="com.salesforce.automationScripts.TestScripts" name="leadDropDownTC21" time="0.0">
    <ignored/>
  </testcase> <!-- leadDropDownTC21 -->
  <testcase classname="com.salesforce.automationScripts.TestScripts" name="selectUserMenuTC5" time="0.0">
    <ignored/>
  </testcase> <!-- selectUserMenuTC5 -->
  <testcase classname="com.salesforce.automationScripts.TestScripts" name="createNewContactTC25" time="0.0">
    <ignored/>
  </testcase> <!-- createNewContactTC25 -->
  <testcase classname="com.salesforce.automationScripts.TestScripts" name="loginSuccessTC2" time="0.0">
    <ignored/>
  </testcase> <!-- loginSuccessTC2 -->
  <testcase classname="com.salesforce.automationScripts.TestScripts" name="createNewViewContactTC26" time="0.0">
    <ignored/>
  </testcase> <!-- createNewViewContactTC26 -->
  <testcase classname="com.salesforce.automationScripts.TestScripts" name="clickLeadTC20" time="0.0">
    <ignored/>
  </testcase> <!-- clickLeadTC20 -->
  <testcase classname="com.salesforce.automationScripts.TestScripts" name="mergeAccountTC13" time="0.0">
    <ignored/>
  </testcase> <!-- mergeAccountTC13 -->
  <testcase classname="com.salesforce.automationScripts.TestScripts" name="defaultViewTC22" time="0.0">
    <ignored/>
  </testcase> <!-- defaultViewTC22 -->
  <testcase classname="com.salesforce.automationScripts.TestScripts" name="beforeMethod14" time="0.0">
    <ignored/>
  </testcase> <!-- beforeMethod14 -->
</testsuite> <!-- Salesforce -->